# JRE version: OpenJDK Runtime Environment (26.0.1+8) (build 26.0.1+8-34)
# Java VM: OpenJDK 64-Bit Server VM (26.0.1+8-34, mixed mode, emulated-client, sharing, tiered, compressed oops, compressed class ptrs, g1 gc, windows-amd64)
GC Precious Log:
 CardTable entry size: 512
 Card Set container configuration: InlinePtr #cards 5 size 8 Array Of Cards #cards 10 size 36 Howl #buckets 4 coarsen threshold 1843 Howl Bitmap #cards 512 size 80 coarsen threshold 460 Card regions per heap region 1 cards per card region 2048
 CPUs: 8 total, 8 available
 Memory: 3899M
 Large Page Support: Disabled
 NUMA Support: Disabled
 Compressed Oops: Enabled (32-bit)
 Heap Region Size: 1M
 Heap Min Capacity: 8M
 Heap Initial Capacity: 8M
 Heap Max Capacity: 976M
 Pre-touch: Disabled
 Parallel Workers: 8
 Concurrent Workers: 2
 Concurrent Refinement Workers: 8
 Periodic GC: Disabled
Heap:
 garbage-first heap   total reserved 999424K, committed 113664K, used 91216K [0x00000000c3000000, 0x0000000100000000)
  region size 1M, 48 eden (48M), 5 survivor (5M), 39 old (39M), 2 humongous (2M), 17 free (17M)
GC Heap Usage History (20 events):
Event: 8.841 {heap After GC invocations=20 (full 0):
 garbage-first heap   total reserved 999424K, committed 113664K, used 26505K [0x00000000c3000000, 0x0000000100000000)
  region size 1M, 0 eden (0M), 8 survivor (8M), 17 old (17M), 2 humongous (2M), 84 free (84M)
}
Event: 11.132 {heap Before GC invocations=20 (full 0):
 garbage-first heap   total reserved 999424K, committed 113664K, used 78729K [0x00000000c3000000, 0x0000000100000000)
  region size 1M, 52 eden (52M), 8 survivor (8M), 17 old (17M), 2 humongous (2M), 32 free (32M)
}
Event: 11.142 {heap After GC invocations=21 (full 0):
 garbage-first heap   total reserved 999424K, committed 113664K, used 30181K [0x00000000c3000000, 0x0000000100000000)
  region size 1M, 0 eden (0M), 4 survivor (4M), 24 old (24M), 2 humongous (2M), 81 free (81M)
}
Event: 11.174 {heap Before GC invocations=21 (full 0):
 garbage-first heap   total reserved 999424K, committed 113664K, used 31205K [0x00000000c3000000, 0x0000000100000000)
  region size 1M, 2 eden (2M), 4 survivor (4M), 24 old (24M), 2 humongous (2M), 79 free (79M)
}
Event: 11.178 {heap After GC invocations=22 (full 0):
 garbage-first heap   total reserved 999424K, committed 113664K, used 30065K [0x00000000c3000000, 0x0000000100000000)
  region size 1M, 0 eden (0M), 4 survivor (4M), 24 old (24M), 2 humongous (2M), 81 free (81M)
}
Event: 13.885 {heap Before GC invocations=23 (full 0):
 garbage-first heap   total reserved 999424K, committed 113664K, used 93553K [0x00000000c3000000, 0x0000000100000000)
  region size 1M, 62 eden (62M), 4 survivor (4M), 24 old (24M), 2 humongous (2M), 19 free (19M)
}
Event: 13.894 {heap After GC invocations=24 (full 0):
 garbage-first heap   total reserved 999424K, committed 113664K, used 33701K [0x00000000c3000000, 0x0000000100000000)
  region size 1M, 0 eden (0M), 8 survivor (8M), 24 old (24M), 2 humongous (2M), 77 free (77M)
}
Event: 15.560 {heap Before GC invocations=24 (full 0):
 garbage-first heap   total reserved 999424K, committed 113664K, used 93093K [0x00000000c3000000, 0x0000000100000000)
  region size 1M, 58 eden (58M), 8 survivor (8M), 24 old (24M), 2 humongous (2M), 19 free (19M)
}
Event: 15.574 {heap After GC invocations=25 (full 0):
 garbage-first heap   total reserved 999424K, committed 113664K, used 37630K [0x00000000c3000000, 0x0000000100000000)
  region size 1M, 0 eden (0M), 8 survivor (8M), 27 old (27M), 2 humongous (2M), 74 free (74M)
}
Event: 33.586 {heap Before GC invocations=25 (full 0):
 garbage-first heap   total reserved 999424K, committed 113664K, used 78590K [0x00000000c3000000, 0x0000000100000000)
  region size 1M, 42 eden (42M), 8 survivor (8M), 27 old (27M), 2 humongous (2M), 32 free (32M)
}
Event: 33.681 {heap After GC invocations=26 (full 0):
 garbage-first heap   total reserved 999424K, committed 113664K, used 40608K [0x00000000c3000000, 0x0000000100000000)
  region size 1M, 0 eden (0M), 8 survivor (8M), 31 old (31M), 2 humongous (2M), 70 free (70M)
}
Event: 258.492 {heap Before GC invocations=27 (full 0):
 garbage-first heap   total reserved 999424K, committed 113664K, used 58016K [0x00000000c3000000, 0x0000000100000000)
  region size 1M, 18 eden (18M), 8 survivor (8M), 31 old (31M), 2 humongous (2M), 52 free (52M)
}
Event: 259.524 {heap After GC invocations=28 (full 1):
 garbage-first heap   total reserved 999424K, committed 113664K, used 33401K [0x00000000c3000000, 0x0000000100000000)
  region size 1M, 0 eden (0M), 0 survivor (0M), 34 old (34M), 2 humongous (2M), 75 free (75M)
}
Event: 264.536 {heap Before GC invocations=28 (full 1):
 garbage-first heap   total reserved 999424K, committed 113664K, used 96889K [0x00000000c3000000, 0x0000000100000000)
  region size 1M, 63 eden (63M), 0 survivor (0M), 34 old (34M), 2 humongous (2M), 12 free (12M)
}
Event: 264.591 {heap After GC invocations=29 (full 1):
 garbage-first heap   total reserved 999424K, committed 113664K, used 39775K [0x00000000c3000000, 0x0000000100000000)
  region size 1M, 0 eden (0M), 7 survivor (7M), 34 old (34M), 2 humongous (2M), 68 free (68M)
}
Event: 269.613 {heap Before GC invocations=30 (full 1):
 garbage-first heap   total reserved 999424K, committed 113664K, used 96095K [0x00000000c3000000, 0x0000000100000000)
  region size 1M, 56 eden (56M), 7 survivor (7M), 34 old (34M), 2 humongous (2M), 12 free (12M)
}
Event: 269.631 {heap After GC invocations=31 (full 1):
 garbage-first heap   total reserved 999424K, committed 113664K, used 41775K [0x00000000c3000000, 0x0000000100000000)
  region size 1M, 0 eden (0M), 8 survivor (8M), 35 old (35M), 2 humongous (2M), 66 free (66M)
}
Event: 398.896 {heap Before GC invocations=31 (full 1):
 garbage-first heap   total reserved 999424K, committed 113664K, used 96047K [0x00000000c3000000, 0x0000000100000000)
  region size 1M, 53 eden (53M), 8 survivor (8M), 35 old (35M), 2 humongous (2M), 13 free (13M)
}
Event: 399.021 {heap After GC invocations=32 (full 1):
 garbage-first heap   total reserved 999424K, committed 113664K, used 43088K [0x00000000c3000000, 0x0000000100000000)
  region size 1M, 0 eden (0M), 5 survivor (5M), 39 old (39M), 2 humongous (2M), 65 free (65M)
}
Event: 860.970 {heap Before GC invocations=32 (full 1):
 garbage-first heap   total reserved 999424K, committed 113664K, used 91216K [0x00000000c3000000, 0x0000000100000000)
  region size 1M, 48 eden (48M), 5 survivor (5M), 39 old (39M), 2 humongous (2M), 17 free (17M)
}

